[debug] [2023-09-17T08:31:17.650Z] ----------------------------------------------------------------------
[debug] [2023-09-17T08:31:17.652Z] Command:       C:\Program Files\nodejs\node.exe C:\Users\user\AppData\Roaming\npm\node_modules\firebase-tools\lib\bin\firebase.js init
[debug] [2023-09-17T08:31:17.652Z] CLI Version:   12.5.4
[debug] [2023-09-17T08:31:17.652Z] Platform:      win32
[debug] [2023-09-17T08:31:17.652Z] Node Version:  v18.15.0
[debug] [2023-09-17T08:31:17.653Z] Time:          Sun Sep 17 2023 14:01:17 GMT+0530 (India Standard Time)
[debug] [2023-09-17T08:31:17.653Z] ----------------------------------------------------------------------
[debug] 
[debug] [2023-09-17T08:31:17.660Z] > command requires scopes: ["email","openid","https://www.googleapis.com/auth/cloudplatformprojects.readonly","https://www.googleapis.com/auth/firebase","https://www.googleapis.com/auth/cloud-platform"]
[debug] [2023-09-17T08:31:17.661Z] > authorizing via signed-in user (anupamsingh2389@gmail.com)
[info] 
     ######## #### ########  ######## ########     ###     ######  ########
     ##        ##  ##     ## ##       ##     ##  ##   ##  ##       ##
     ######    ##  ########  ######   ########  #########  ######  ######
     ##        ##  ##    ##  ##       ##     ## ##     ##       ## ##
     ##       #### ##     ## ######## ########  ##     ##  ######  ########

You're about to initialize a Firebase project in this directory:

  D:\central_project_folder\final_project_folder\reactjs_projects\netflix-movie-app

[info] 
=== Project Setup
[info] 
[info] First, let's associate this project directory with a Firebase project.
[info] You can create multiple project aliases by running firebase use --add, 
[info] but for now we'll just set up a default project.
[info] 
[info] i  If you want to create a project in a Google Cloud organization or folder, please use "firebase projects:create" instead, and return to this command when you've created the project. 
[debug] [2023-09-17T08:31:45.209Z] >>> [apiv2][query] POST https://cloudresourcemanager.googleapis.com/v1/projects [none]
[debug] [2023-09-17T08:31:45.211Z] >>> [apiv2][body] POST https://cloudresourcemanager.googleapis.com/v1/projects {"projectId":"react-movie-app","name":"react-movie-app"}
[debug] [2023-09-17T08:31:46.963Z] <<< [apiv2][status] POST https://cloudresourcemanager.googleapis.com/v1/projects 409
[debug] [2023-09-17T08:31:46.963Z] <<< [apiv2][body] POST https://cloudresourcemanager.googleapis.com/v1/projects {"error":{"code":409,"message":"Requested entity already exists","status":"ALREADY_EXISTS"}}
[debug] [2023-09-17T08:31:47.160Z] FirebaseError: HTTP Error: 409, Requested entity already exists
    at responseToError (C:\Users\user\AppData\Roaming\npm\node_modules\firebase-tools\lib\responseToError.js:49:12)
    at RetryOperation._fn (C:\Users\user\AppData\Roaming\npm\node_modules\firebase-tools\lib\apiv2.js:285:77)
    at process.processTicksAndRejections (node:internal/process/task_queues:95:5)
[error] 
[error] Error: Failed to create project because there is already a project with ID react-movie-app. Please try again with a unique project ID.
